<?xml version='1.0'?>
<ns2:test-suite xmlns:ns2='urn:model.allure.qatools.yandex.ru' start='1657902501979' stop='1657902584402'>
    <name>Import Sol Account</name>
    <title>Import Sol Account</title>
    <test-cases>
        <test-case start='1657902501980' status='broken' stop='1657902524087'>
            <name>IS1: Import acount valid seed pharse with invaild name</name>
            <title>IS1: Import acount valid seed pharse with invaild name</title>
            <labels>
                <label name='language' value='javascript'/>
                <label name='framework' value='wdio'/>
                <label name='thread' value='0-0'/>
            </labels>
            <parameters>
                <parameter kind='argument' name='device' value='Moto g71 11-11'/>
            </parameters>
            <steps/>
            <attachments/>
            <failure>
                <message>An unknown server-side error occurred while processing the command. Original error: Must provide a selector when finding elements</message>
                <stack-trace>unknown error: An unknown server-side error occurred while processing the command. Original error: Must provide a selector when finding elements
                    at getErrorFromResponseBody (C:\Users\Guna\kanalabs-test\node_modules\webdriver\build\utils.js:198:12)
                    at NodeJSRequest._request (C:\Users\Guna\kanalabs-test\node_modules\webdriver\build\request\index.js:166:60)
                    at async Browser.wrapCommandFn (C:\Users\Guna\kanalabs-test\node_modules\@wdio\utils\build\shim.js:137:29)
                    at async Browser.$ (C:\Users\Guna\kanalabs-test\node_modules\webdriverio\build\commands\browser\$.js:91:17)
                    at async Browser.wrapCommandFn (C:\Users\Guna\kanalabs-test\node_modules\@wdio\utils\build\shim.js:137:29)
                    at async Importwallet.clickbackbtn (C:\Users\Guna\kanalabs-test\test\pageobjects\sol.pages.js\importwallet.page.js:50:16)
                    at async Context.&lt;anonymous> (C:\Users\Guna\kanalabs-test\test\specs\importwallet.js:18:9)</stack-trace>
            </failure>
        </test-case>
        <test-case start='1657902524089' status='broken' stop='1657902534827'>
            <name>IS2: Import acount invalid seed pharse with vaild name </name>
            <title>IS2: Import acount invalid seed pharse with vaild name </title>
            <labels>
                <label name='language' value='javascript'/>
                <label name='framework' value='wdio'/>
                <label name='thread' value='0-0'/>
            </labels>
            <parameters>
                <parameter kind='argument' name='device' value='Moto g71 11-11'/>
            </parameters>
            <steps/>
            <attachments/>
            <failure>
                <message>Can't call click on element with selector "~goToImportWallet" because element wasn't found</message>
                <stack-trace>Error: Can't call click on element with selector "~goToImportWallet" because element wasn't found
                    at implicitWait (C:\Users\Guna\kanalabs-test\node_modules\webdriverio\build\utils\implicitWait.js:34:19)
                    at async Element.elementErrorHandlerCallbackFn (C:\Users\Guna\kanalabs-test\node_modules\webdriverio\build\middlewares.js:20:29)
                    at async Element.wrapCommandFn (C:\Users\Guna\kanalabs-test\node_modules\@wdio\utils\build\shim.js:137:29)
                    at async Importwallet.importwallet (C:\Users\Guna\kanalabs-test\test\pageobjects\sol.pages.js\importwallet.page.js:43:9)
                    at async Context.&lt;anonymous> (C:\Users\Guna\kanalabs-test\test\specs\importwallet.js:23:9)</stack-trace>
            </failure>
        </test-case>
        <test-case start='1657902534828' status='broken' stop='1657902544986'>
            <name>IS3: Import acount invalid seed pharse with invaild name</name>
            <title>IS3: Import acount invalid seed pharse with invaild name</title>
            <labels>
                <label name='language' value='javascript'/>
                <label name='framework' value='wdio'/>
                <label name='thread' value='0-0'/>
            </labels>
            <parameters>
                <parameter kind='argument' name='device' value='Moto g71 11-11'/>
            </parameters>
            <steps/>
            <attachments/>
            <failure>
                <message>Can't call click on element with selector "~goToImportWallet" because element wasn't found</message>
                <stack-trace>Error: Can't call click on element with selector "~goToImportWallet" because element wasn't found
                    at implicitWait (C:\Users\Guna\kanalabs-test\node_modules\webdriverio\build\utils\implicitWait.js:34:19)
                    at async Element.elementErrorHandlerCallbackFn (C:\Users\Guna\kanalabs-test\node_modules\webdriverio\build\middlewares.js:20:29)
                    at async Element.wrapCommandFn (C:\Users\Guna\kanalabs-test\node_modules\@wdio\utils\build\shim.js:137:29)
                    at async Importwallet.importwallet (C:\Users\Guna\kanalabs-test\test\pageobjects\sol.pages.js\importwallet.page.js:43:9)
                    at async Context.&lt;anonymous> (C:\Users\Guna\kanalabs-test\test\specs\importwallet.js:29:9)</stack-trace>
            </failure>
        </test-case>
        <test-case start='1657902544987' status='broken' stop='1657902573036'>
            <name>IS4: Import acount Setpin confirmpin mismatch popup handling</name>
            <title>IS4: Import acount Setpin confirmpin mismatch popup handling</title>
            <labels>
                <label name='language' value='javascript'/>
                <label name='framework' value='wdio'/>
                <label name='thread' value='0-0'/>
            </labels>
            <parameters>
                <parameter kind='argument' name='device' value='Moto g71 11-11'/>
            </parameters>
            <steps/>
            <attachments/>
            <failure>
                <message>An unknown server-side error occurred while processing the command. Original error: Must provide a selector when finding elements</message>
                <stack-trace>unknown error: An unknown server-side error occurred while processing the command. Original error: Must provide a selector when finding elements
                    at getErrorFromResponseBody (C:\Users\Guna\kanalabs-test\node_modules\webdriver\build\utils.js:198:12)
                    at NodeJSRequest._request (C:\Users\Guna\kanalabs-test\node_modules\webdriver\build\request\index.js:166:60)
                    at async Browser.wrapCommandFn (C:\Users\Guna\kanalabs-test\node_modules\@wdio\utils\build\shim.js:137:29)
                    at async Browser.$ (C:\Users\Guna\kanalabs-test\node_modules\webdriverio\build\commands\browser\$.js:91:17)
                    at async Browser.wrapCommandFn (C:\Users\Guna\kanalabs-test\node_modules\@wdio\utils\build\shim.js:137:29)
                    at async Importwallet.clickbackbtn (C:\Users\Guna\kanalabs-test\test\pageobjects\sol.pages.js\importwallet.page.js:50:16)
                    at async Context.&lt;anonymous> (C:\Users\Guna\kanalabs-test\test\specs\importwallet.js:40:9)</stack-trace>
            </failure>
        </test-case>
        <test-case start='1657902573037' status='broken' stop='1657902584399'>
            <name>IS5: Import acount valid seed pharse with vaild name</name>
            <title>IS5: Import acount valid seed pharse with vaild name</title>
            <labels>
                <label name='language' value='javascript'/>
                <label name='framework' value='wdio'/>
                <label name='thread' value='0-0'/>
            </labels>
            <parameters>
                <parameter kind='argument' name='device' value='Moto g71 11-11'/>
            </parameters>
            <steps/>
            <attachments/>
            <failure>
                <message>Can't call click on element with selector "~solWalletCard" because element wasn't found</message>
                <stack-trace>Error: Can't call click on element with selector "~solWalletCard" because element wasn't found
                    at implicitWait (C:\Users\Guna\kanalabs-test\node_modules\webdriverio\build\utils\implicitWait.js:34:19)
                    at async Element.elementErrorHandlerCallbackFn (C:\Users\Guna\kanalabs-test\node_modules\webdriverio\build\middlewares.js:20:29)
                    at async Element.wrapCommandFn (C:\Users\Guna\kanalabs-test\node_modules\@wdio\utils\build\shim.js:137:29)
                    at async CreateWalletPage.clickSolWalletlogo (C:\Users\Guna\kanalabs-test\test\pageobjects\sol.pages.js\createwallet.page.js:64:9)
                    at async Context.&lt;anonymous> (C:\Users\Guna\kanalabs-test\test\specs\importwallet.js:49:9)</stack-trace>
            </failure>
        </test-case>
    </test-cases>
</ns2:test-suite>