<?xml version='1.0'?>
<ns2:test-suite xmlns:ns2='urn:model.allure.qatools.yandex.ru' start='1657890535065' stop='1657890802825'>
    <name>Create wallet Sol</name>
    <title>Create wallet Sol</title>
    <test-cases>
        <test-case start='1657890535066' status='passed' stop='1657890562764'>
            <name>CS1: Verify Invalid wallet name while Sol account create</name>
            <title>CS1: Verify Invalid wallet name while Sol account create</title>
            <labels>
                <label name='language' value='javascript'/>
                <label name='framework' value='wdio'/>
                <label name='thread' value='0-0'/>
            </labels>
            <parameters>
                <parameter kind='argument' name='device' value='Moto g71 11-11'/>
            </parameters>
            <steps/>
            <attachments/>
        </test-case>
        <test-case start='1657890562766' status='broken' stop='1657890682775'>
            <name>CS2: Verify Setpin confirm pin mismatch while come popup handling</name>
            <title>CS2: Verify Setpin confirm pin mismatch while come popup handling</title>
            <labels>
                <label name='language' value='javascript'/>
                <label name='framework' value='wdio'/>
                <label name='thread' value='0-0'/>
            </labels>
            <parameters>
                <parameter kind='argument' name='device' value='Moto g71 11-11'/>
            </parameters>
            <steps/>
            <attachments/>
            <failure>
                <message>Timeout of 120000ms exceeded. The execution in the test "Create wallet Sol CS2: Verify Setpin confirm pin mismatch while come popup handling" took too long. Try to reduce the run time or increase your timeout for test specs (https://webdriver.io/docs/timeouts). (C:\Users\Guna\kanalabs-test\test\specs\createwallet.js)</message>
                <stack-trace>Error: Timeout of 120000ms exceeded. The execution in the test "Create wallet Sol CS2: Verify Setpin confirm pin mismatch while come popup handling" took too long. Try to reduce the run time or increase your timeout for test specs (https://webdriver.io/docs/timeouts). (C:\Users\Guna\kanalabs-test\test\specs\createwallet.js)
                    at createTimeoutError (C:\Users\Guna\kanalabs-test\node_modules\mocha\lib\errors.js:498:15)
                    at Test.Runnable._timeoutError (C:\Users\Guna\kanalabs-test\node_modules\mocha\lib\runnable.js:431:10)
                    at Timeout.&lt;anonymous> (C:\Users\Guna\kanalabs-test\node_modules\mocha\lib\runnable.js:246:24)
                    at listOnTimeout (internal/timers.js:557:17)
                    at processTimers (internal/timers.js:500:7)</stack-trace>
            </failure>
        </test-case>
        <test-case start='1657890682789' status='broken' stop='1657890802813'>
            <name>CS3: Create new Sol wallet vaild wallet name</name>
            <title>CS3: Create new Sol wallet vaild wallet name</title>
            <labels>
                <label name='language' value='javascript'/>
                <label name='framework' value='wdio'/>
                <label name='thread' value='0-0'/>
            </labels>
            <parameters>
                <parameter kind='argument' name='device' value='Moto g71 11-11'/>
            </parameters>
            <steps/>
            <attachments/>
            <failure>
                <message>Timeout of 120000ms exceeded. The execution in the test "Create wallet Sol CS3: Create new Sol wallet vaild wallet name" took too long. Try to reduce the run time or increase your timeout for test specs (https://webdriver.io/docs/timeouts). (C:\Users\Guna\kanalabs-test\test\specs\createwallet.js)</message>
                <stack-trace>Error: Timeout of 120000ms exceeded. The execution in the test "Create wallet Sol CS3: Create new Sol wallet vaild wallet name" took too long. Try to reduce the run time or increase your timeout for test specs (https://webdriver.io/docs/timeouts). (C:\Users\Guna\kanalabs-test\test\specs\createwallet.js)
                    at createTimeoutError (C:\Users\Guna\kanalabs-test\node_modules\mocha\lib\errors.js:498:15)
                    at Test.Runnable._timeoutError (C:\Users\Guna\kanalabs-test\node_modules\mocha\lib\runnable.js:431:10)
                    at Timeout.&lt;anonymous> (C:\Users\Guna\kanalabs-test\node_modules\mocha\lib\runnable.js:246:24)
                    at listOnTimeout (internal/timers.js:557:17)
                    at processTimers (internal/timers.js:500:7)</stack-trace>
            </failure>
        </test-case>
    </test-cases>
</ns2:test-suite>