<?xml version='1.0'?>
<ns2:test-suite xmlns:ns2='urn:model.allure.qatools.yandex.ru' start='1657900967653' stop='1657901043306'>
    <name>Import Sol Account</name>
    <title>Import Sol Account</title>
    <test-cases>
        <test-case start='1657900967654' status='broken' stop='1657900978411'>
            <name>IS1: Import acount valid seed pharse with invaild name</name>
            <title>IS1: Import acount valid seed pharse with invaild name</title>
            <labels>
                <label name='language' value='javascript'/>
                <label name='framework' value='wdio'/>
                <label name='thread' value='0-0'/>
            </labels>
            <parameters>
                <parameter kind='argument' name='device' value='realme 2 9-9'/>
            </parameters>
            <steps/>
            <attachments/>
            <failure>
                <message>Can't call click on element with selector "~solWalletCard" because element wasn't found</message>
                <stack-trace>Error: Can't call click on element with selector "~solWalletCard" because element wasn't found
                    at implicitWait (C:\Users\Guna\kanalabs-test\node_modules\webdriverio\build\utils\implicitWait.js:34:19)
                    at async Element.elementErrorHandlerCallbackFn (C:\Users\Guna\kanalabs-test\node_modules\webdriverio\build\middlewares.js:20:29)
                    at async Element.wrapCommandFn (C:\Users\Guna\kanalabs-test\node_modules\@wdio\utils\build\shim.js:137:29)
                    at async CreateWalletPage.clickSolWalletlogo (C:\Users\Guna\kanalabs-test\test\pageobjects\sol.pages.js\createwallet.page.js:64:9)
                    at async Context.&lt;anonymous> (C:\Users\Guna\kanalabs-test\test\specs\importwallet.js:13:9)</stack-trace>
            </failure>
        </test-case>
        <test-case start='1657900978413' status='broken' stop='1657900988845'>
            <name>IS2: Import acount invalid seed pharse with vaild name </name>
            <title>IS2: Import acount invalid seed pharse with vaild name </title>
            <labels>
                <label name='language' value='javascript'/>
                <label name='framework' value='wdio'/>
                <label name='thread' value='0-0'/>
            </labels>
            <parameters>
                <parameter kind='argument' name='device' value='realme 2 9-9'/>
            </parameters>
            <steps/>
            <attachments/>
            <failure>
                <message>Can't call click on element with selector "~goToImportWallet" because element wasn't found</message>
                <stack-trace>Error: Can't call click on element with selector "~goToImportWallet" because element wasn't found
                    at implicitWait (C:\Users\Guna\kanalabs-test\node_modules\webdriverio\build\utils\implicitWait.js:34:19)
                    at async Element.elementErrorHandlerCallbackFn (C:\Users\Guna\kanalabs-test\node_modules\webdriverio\build\middlewares.js:20:29)
                    at async Element.wrapCommandFn (C:\Users\Guna\kanalabs-test\node_modules\@wdio\utils\build\shim.js:137:29)
                    at async Importwallet.importwallet (C:\Users\Guna\kanalabs-test\test\pageobjects\sol.pages.js\importwallet.page.js:43:9)
                    at async Context.&lt;anonymous> (C:\Users\Guna\kanalabs-test\test\specs\importwallet.js:24:9)</stack-trace>
            </failure>
        </test-case>
        <test-case start='1657900988846' status='broken' stop='1657900998954'>
            <name>IS3: Import acount invalid seed pharse with invaild name</name>
            <title>IS3: Import acount invalid seed pharse with invaild name</title>
            <labels>
                <label name='language' value='javascript'/>
                <label name='framework' value='wdio'/>
                <label name='thread' value='0-0'/>
            </labels>
            <parameters>
                <parameter kind='argument' name='device' value='realme 2 9-9'/>
            </parameters>
            <steps/>
            <attachments/>
            <failure>
                <message>Can't call click on element with selector "~goToImportWallet" because element wasn't found</message>
                <stack-trace>Error: Can't call click on element with selector "~goToImportWallet" because element wasn't found
                    at implicitWait (C:\Users\Guna\kanalabs-test\node_modules\webdriverio\build\utils\implicitWait.js:34:19)
                    at async Element.elementErrorHandlerCallbackFn (C:\Users\Guna\kanalabs-test\node_modules\webdriverio\build\middlewares.js:20:29)
                    at async Element.wrapCommandFn (C:\Users\Guna\kanalabs-test\node_modules\@wdio\utils\build\shim.js:137:29)
                    at async Importwallet.importwallet (C:\Users\Guna\kanalabs-test\test\pageobjects\sol.pages.js\importwallet.page.js:43:9)
                    at async Context.&lt;anonymous> (C:\Users\Guna\kanalabs-test\test\specs\importwallet.js:31:9)</stack-trace>
            </failure>
        </test-case>
        <test-case start='1657900998955' status='broken' stop='1657901033038'>
            <name>IS4: Import acount Setpin confirmpin mismatch popup handling</name>
            <title>IS4: Import acount Setpin confirmpin mismatch popup handling</title>
            <labels>
                <label name='language' value='javascript'/>
                <label name='framework' value='wdio'/>
                <label name='thread' value='0-0'/>
            </labels>
            <parameters>
                <parameter kind='argument' name='device' value='realme 2 9-9'/>
            </parameters>
            <steps/>
            <attachments/>
            <failure>
                <message>Can't call setValue on element with selector "~pin1" because element wasn't found</message>
                <stack-trace>Error: Can't call setValue on element with selector "~pin1" because element wasn't found
                    at implicitWait (C:\Users\Guna\kanalabs-test\node_modules\webdriverio\build\utils\implicitWait.js:34:19)
                    at async Element.elementErrorHandlerCallbackFn (C:\Users\Guna\kanalabs-test\node_modules\webdriverio\build\middlewares.js:20:29)
                    at async Element.wrapCommandFn (C:\Users\Guna\kanalabs-test\node_modules\@wdio\utils\build\shim.js:137:29)
                    at async CreateWalletPage.enterConfirmPin (C:\Users\Guna\kanalabs-test\test\pageobjects\sol.pages.js\createwallet.page.js:90:9)
                    at async Context.&lt;anonymous> (C:\Users\Guna\kanalabs-test\test\specs\importwallet.js:42:9)</stack-trace>
            </failure>
        </test-case>
        <test-case start='1657901033039' status='broken' stop='1657901043304'>
            <name>IS5: Import acount valid seed pharse with vaild name</name>
            <title>IS5: Import acount valid seed pharse with vaild name</title>
            <labels>
                <label name='language' value='javascript'/>
                <label name='framework' value='wdio'/>
                <label name='thread' value='0-0'/>
            </labels>
            <parameters>
                <parameter kind='argument' name='device' value='realme 2 9-9'/>
            </parameters>
            <steps/>
            <attachments/>
            <failure>
                <message>Can't call click on element with selector "~solWalletCard" because element wasn't found</message>
                <stack-trace>Error: Can't call click on element with selector "~solWalletCard" because element wasn't found
                    at implicitWait (C:\Users\Guna\kanalabs-test\node_modules\webdriverio\build\utils\implicitWait.js:34:19)
                    at async Element.elementErrorHandlerCallbackFn (C:\Users\Guna\kanalabs-test\node_modules\webdriverio\build\middlewares.js:20:29)
                    at async Element.wrapCommandFn (C:\Users\Guna\kanalabs-test\node_modules\@wdio\utils\build\shim.js:137:29)
                    at async CreateWalletPage.clickSolWalletlogo (C:\Users\Guna\kanalabs-test\test\pageobjects\sol.pages.js\createwallet.page.js:64:9)
                    at async Context.&lt;anonymous> (C:\Users\Guna\kanalabs-test\test\specs\importwallet.js:55:9)</stack-trace>
            </failure>
        </test-case>
    </test-cases>
</ns2:test-suite>