<?xml version='1.0'?>
<ns2:test-suite xmlns:ns2='urn:model.allure.qatools.yandex.ru' start='1657825579345' stop='1657825590347'>
    <name>Import Sol Account</name>
    <title>Import Sol Account</title>
    <test-cases>
        <test-case start='1657825579346' status='broken' stop='1657825589840'>
            <name>IS1: Import acount valid seed pharse with invaild name</name>
            <title>IS1: Import acount valid seed pharse with invaild name</title>
            <labels>
                <label name='language' value='javascript'/>
                <label name='framework' value='wdio'/>
                <label name='thread' value='0-1'/>
            </labels>
            <parameters>
                <parameter kind='argument' name='device' value='Moto g71 11-11'/>
            </parameters>
            <steps/>
            <attachments/>
            <failure>
                <message>Can't call click on element with selector "~solHomeDashboardBackIcon" because element wasn't found</message>
                <stack-trace>Error: Can't call click on element with selector "~solHomeDashboardBackIcon" because element wasn't found
                    at implicitWait (C:\Users\Guna\kanalabs-test\node_modules\webdriverio\build\utils\implicitWait.js:34:19)
                    at async Element.elementErrorHandlerCallbackFn (C:\Users\Guna\kanalabs-test\node_modules\webdriverio\build\middlewares.js:20:29)
                    at async Element.wrapCommandFn (C:\Users\Guna\kanalabs-test\node_modules\@wdio\utils\build\shim.js:137:29)
                    at async LogoutPage.logout (C:\Users\Guna\kanalabs-test\test\pageobjects\sol.pages.js\logut.page.js:21:9)
                    at async Context.&lt;anonymous> (C:\Users\Guna\kanalabs-test\test\specs\importwallet.js:11:9)</stack-trace>
            </failure>
        </test-case>
        <test-case start='1657825589845' status='broken' stop='1657825589983'>
            <name>IS2: Import acount invalid seed pharse with vaild name </name>
            <title>IS2: Import acount invalid seed pharse with vaild name </title>
            <labels>
                <label name='language' value='javascript'/>
                <label name='framework' value='wdio'/>
                <label name='thread' value='0-1'/>
            </labels>
            <parameters>
                <parameter kind='argument' name='device' value='Moto g71 11-11'/>
            </parameters>
            <steps/>
            <attachments/>
            <failure>
                <message>A session is either terminated or not started</message>
                <stack-trace>invalid session id: A session is either terminated or not started
                    at getErrorFromResponseBody (C:\Users\Guna\kanalabs-test\node_modules\webdriver\build\utils.js:198:12)
                    at NodeJSRequest._request (C:\Users\Guna\kanalabs-test\node_modules\webdriver\build\request\index.js:166:60)
                    at async Browser.wrapCommandFn (C:\Users\Guna\kanalabs-test\node_modules\@wdio\utils\build\shim.js:137:29)
                    at async Browser.$ (C:\Users\Guna\kanalabs-test\node_modules\webdriverio\build\commands\browser\$.js:91:17)
                    at async Browser.wrapCommandFn (C:\Users\Guna\kanalabs-test\node_modules\@wdio\utils\build\shim.js:137:29)
                    at async Importwallet.importwallet (C:\Users\Guna\kanalabs-test\test\pageobjects\sol.pages.js\importwallet.page.js:43:16)
                    at async Context.&lt;anonymous> (C:\Users\Guna\kanalabs-test\test\specs\importwallet.js:24:9)</stack-trace>
            </failure>
        </test-case>
        <test-case start='1657825589983' status='broken' stop='1657825590125'>
            <name>IS3: Import acount invalid seed pharse with invaild name</name>
            <title>IS3: Import acount invalid seed pharse with invaild name</title>
            <labels>
                <label name='language' value='javascript'/>
                <label name='framework' value='wdio'/>
                <label name='thread' value='0-1'/>
            </labels>
            <parameters>
                <parameter kind='argument' name='device' value='Moto g71 11-11'/>
            </parameters>
            <steps/>
            <attachments/>
            <failure>
                <message>A session is either terminated or not started</message>
                <stack-trace>invalid session id: A session is either terminated or not started
                    at getErrorFromResponseBody (C:\Users\Guna\kanalabs-test\node_modules\webdriver\build\utils.js:198:12)
                    at NodeJSRequest._request (C:\Users\Guna\kanalabs-test\node_modules\webdriver\build\request\index.js:166:60)
                    at async Browser.wrapCommandFn (C:\Users\Guna\kanalabs-test\node_modules\@wdio\utils\build\shim.js:137:29)
                    at async Browser.$ (C:\Users\Guna\kanalabs-test\node_modules\webdriverio\build\commands\browser\$.js:91:17)
                    at async Browser.wrapCommandFn (C:\Users\Guna\kanalabs-test\node_modules\@wdio\utils\build\shim.js:137:29)
                    at async Importwallet.importwallet (C:\Users\Guna\kanalabs-test\test\pageobjects\sol.pages.js\importwallet.page.js:43:16)
                    at async Context.&lt;anonymous> (C:\Users\Guna\kanalabs-test\test\specs\importwallet.js:31:9)</stack-trace>
            </failure>
        </test-case>
        <test-case start='1657825590125' status='broken' stop='1657825590222'>
            <name>IS4: Import acount Setpin confirmpin mismatch popup handling</name>
            <title>IS4: Import acount Setpin confirmpin mismatch popup handling</title>
            <labels>
                <label name='language' value='javascript'/>
                <label name='framework' value='wdio'/>
                <label name='thread' value='0-1'/>
            </labels>
            <parameters>
                <parameter kind='argument' name='device' value='Moto g71 11-11'/>
            </parameters>
            <steps/>
            <attachments/>
            <failure>
                <message>A session is either terminated or not started</message>
                <stack-trace>invalid session id: A session is either terminated or not started
                    at getErrorFromResponseBody (C:\Users\Guna\kanalabs-test\node_modules\webdriver\build\utils.js:198:12)
                    at NodeJSRequest._request (C:\Users\Guna\kanalabs-test\node_modules\webdriver\build\request\index.js:166:60)
                    at async Browser.wrapCommandFn (C:\Users\Guna\kanalabs-test\node_modules\@wdio\utils\build\shim.js:137:29)
                    at async Browser.$ (C:\Users\Guna\kanalabs-test\node_modules\webdriverio\build\commands\browser\$.js:91:17)
                    at async Browser.wrapCommandFn (C:\Users\Guna\kanalabs-test\node_modules\@wdio\utils\build\shim.js:137:29)
                    at async Importwallet.importwallet (C:\Users\Guna\kanalabs-test\test\pageobjects\sol.pages.js\importwallet.page.js:43:16)
                    at async Context.&lt;anonymous> (C:\Users\Guna\kanalabs-test\test\specs\importwallet.js:39:9)</stack-trace>
            </failure>
        </test-case>
        <test-case start='1657825590222' status='broken' stop='1657825590346'>
            <name>IS5: Import acount valid seed pharse with vaild name</name>
            <title>IS5: Import acount valid seed pharse with vaild name</title>
            <labels>
                <label name='language' value='javascript'/>
                <label name='framework' value='wdio'/>
                <label name='thread' value='0-1'/>
            </labels>
            <parameters>
                <parameter kind='argument' name='device' value='Moto g71 11-11'/>
            </parameters>
            <steps/>
            <attachments/>
            <failure>
                <message>A session is either terminated or not started</message>
                <stack-trace>invalid session id: A session is either terminated or not started
                    at getErrorFromResponseBody (C:\Users\Guna\kanalabs-test\node_modules\webdriver\build\utils.js:198:12)
                    at NodeJSRequest._request (C:\Users\Guna\kanalabs-test\node_modules\webdriver\build\request\index.js:166:60)
                    at async Browser.wrapCommandFn (C:\Users\Guna\kanalabs-test\node_modules\@wdio\utils\build\shim.js:137:29)
                    at async Browser.$ (C:\Users\Guna\kanalabs-test\node_modules\webdriverio\build\commands\browser\$.js:91:17)
                    at async Browser.wrapCommandFn (C:\Users\Guna\kanalabs-test\node_modules\@wdio\utils\build\shim.js:137:29)
                    at async CreateWalletPage.clickSolWalletlogo (C:\Users\Guna\kanalabs-test\test\pageobjects\sol.pages.js\createwallet.page.js:64:16)
                    at async Context.&lt;anonymous> (C:\Users\Guna\kanalabs-test\test\specs\importwallet.js:55:9)</stack-trace>
            </failure>
        </test-case>
    </test-cases>
</ns2:test-suite>